<?xml version="1.0" encoding="UTF-8"?>
<testng-results ignored="0" total="1" passed="1" failed="0" skipped="0">
  <reporter-output>
  </reporter-output>
  <suite started-at="2020-07-24T12:15:38Z" name="Default suite" finished-at="2020-07-24T12:15:54Z" duration-ms="16308">
    <groups>
    </groups>
    <test started-at="2020-07-24T12:15:38Z" name="Default test" finished-at="2020-07-24T12:15:54Z" duration-ms="16308">
      <class name="listeners.Sdsgs">
        <test-method is-config="true" signature="setUp()[pri:0, instance:listeners.Sdsgs@576d5deb]" started-at="2020-07-24T12:15:38Z" name="setUp" finished-at="2020-07-24T12:15:43Z" duration-ms="5509" status="PASS">
          <reporter-output>
          </reporter-output>
        </test-method> <!-- setUp -->
        <test-method signature="test1()[pri:0, instance:listeners.Sdsgs@576d5deb]" started-at="2020-07-24T12:15:43Z" name="test1" finished-at="2020-07-24T12:15:53Z" duration-ms="9140" status="PASS">
          <reporter-output>
          </reporter-output>
        </test-method> <!-- test1 -->
        <test-method is-config="true" signature="tearDown()[pri:0, instance:listeners.Sdsgs@576d5deb]" started-at="2020-07-24T12:15:53Z" name="tearDown" finished-at="2020-07-24T12:15:54Z" duration-ms="1627" status="PASS">
          <reporter-output>
          </reporter-output>
        </test-method> <!-- tearDown -->
      </class> <!-- listeners.Sdsgs -->
    </test> <!-- Default test -->
  </suite> <!-- Default suite -->
</testng-results>
